0 info it worked if it ends with ok
1 verbose cli [ '/usr/local/bin/node',
1 verbose cli   '/usr/local/bin/npm',
1 verbose cli   'install',
1 verbose cli   'config.json' ]
2 info using npm@3.10.10
3 info using node@v6.10.1
4 silly loadCurrentTree Starting
5 silly install loadCurrentTree
6 silly install readLocalPackageData
7 silly fetchPackageMetaData config.json
8 silly fetchOtherPackageData config.json
9 silly cache add args [ 'config.json', null ]
10 verbose cache add spec config.json
11 silly cache add parsed spec Result {
11 silly cache add   raw: 'config.json',
11 silly cache add   scope: null,
11 silly cache add   escapedName: 'config.json',
11 silly cache add   name: null,
11 silly cache add   rawSpec: 'config.json',
11 silly cache add   spec: '/Users/raminrayhani/WD/Project-2/Inventory-Manager-Hospital/config/config.json',
11 silly cache add   type: 'local' }
12 silly addLocalTarball shasum (computed) c2bc1ef5e828f9f71d48b563df2f073d79ca9b01
13 verbose addTmpTarball /Users/raminrayhani/WD/Project-2/Inventory-Manager-Hospital/config/config.json not in flight; adding
14 verbose correctMkdir /Users/raminrayhani/.npm correctMkdir not in flight; initializing
15 verbose addTmpTarball validating metadata from /Users/raminrayhani/WD/Project-2/Inventory-Manager-Hospital/config/config.json
16 verbose tar unpack /Users/raminrayhani/WD/Project-2/Inventory-Manager-Hospital/config/config.json
17 verbose tar unpacking to /var/folders/sg/ykxjh6x175dbrb0t80f9wd4m0000gn/T/npm-62775-82dc8601/unpack-40355db6
18 silly gentlyRm /var/folders/sg/ykxjh6x175dbrb0t80f9wd4m0000gn/T/npm-62775-82dc8601/unpack-40355db6 is being purged
19 verbose gentlyRm don't care about contents; nuking /var/folders/sg/ykxjh6x175dbrb0t80f9wd4m0000gn/T/npm-62775-82dc8601/unpack-40355db6
20 silly gunzTarPerm modes [ '755', '644' ]
21 error not a package /Users/raminrayhani/WD/Project-2/Inventory-Manager-Hospital/config/config.json
22 error addLocal Could not install /Users/raminrayhani/WD/Project-2/Inventory-Manager-Hospital/config/config.json
23 silly fetchPackageMetaData Error: ENOENT: no such file or directory, open '/var/folders/sg/ykxjh6x175dbrb0t80f9wd4m0000gn/T/npm-62775-82dc8601/unpack-40355db6/package.json'
23 silly fetchPackageMetaData     at Error (native)
23 silly fetchPackageMetaData  error for config.json { Error: ENOENT: no such file or directory, open '/var/folders/sg/ykxjh6x175dbrb0t80f9wd4m0000gn/T/npm-62775-82dc8601/unpack-40355db6/package.json'
23 silly fetchPackageMetaData     at Error (native)
23 silly fetchPackageMetaData   errno: -2,
23 silly fetchPackageMetaData   code: 'ENOENT',
23 silly fetchPackageMetaData   syscall: 'open',
23 silly fetchPackageMetaData   path: '/var/folders/sg/ykxjh6x175dbrb0t80f9wd4m0000gn/T/npm-62775-82dc8601/unpack-40355db6/package.json' }
24 silly rollbackFailedOptional Starting
25 silly rollbackFailedOptional Finishing
26 silly runTopLevelLifecycles Finishing
27 silly install printInstalled
28 verbose stack Error: ENOENT: no such file or directory, open '/var/folders/sg/ykxjh6x175dbrb0t80f9wd4m0000gn/T/npm-62775-82dc8601/unpack-40355db6/package.json'
28 verbose stack     at Error (native)
29 verbose cwd /Users/raminrayhani/WD/Project-2/Inventory-Manager-Hospital/config
30 error Darwin 16.5.0
31 error argv "/usr/local/bin/node" "/usr/local/bin/npm" "install" "config.json"
32 error node v6.10.1
33 error npm  v3.10.10
34 error path /var/folders/sg/ykxjh6x175dbrb0t80f9wd4m0000gn/T/npm-62775-82dc8601/unpack-40355db6/package.json
35 error code ENOENT
36 error errno -2
37 error syscall open
38 error enoent ENOENT: no such file or directory, open '/var/folders/sg/ykxjh6x175dbrb0t80f9wd4m0000gn/T/npm-62775-82dc8601/unpack-40355db6/package.json'
39 error enoent ENOENT: no such file or directory, open '/var/folders/sg/ykxjh6x175dbrb0t80f9wd4m0000gn/T/npm-62775-82dc8601/unpack-40355db6/package.json'
39 error enoent This is most likely not a problem with npm itself
39 error enoent and is related to npm not being able to find a file.
40 verbose exit [ -2, true ]
